{
"C:\\New folder\\iflix_coding_test\\lib\\src\\app.js":{"path":"C:\\New folder\\iflix_coding_test\\lib\\src\\app.js","s":{"2":2,"4":2,"6":2,"8":2,"12":2,"13":1,"14":4,"15":1,"16":1,"17":1,"18":0,"19":2,"20":2,"21":2,"22":2},"f":{"2":4,"3":1,"4":1,"5":0},"l":{"1":2,"2":2,"3":2,"4":2,"5":2,"7":1,"8":4,"9":1,"10":1,"14":2,"16":2,"18":2,"20":2},"b":{},"statementMap":{"2":{"start":{"line":1,"column":0},"end":{"line":null,"column":null}},"4":{"start":{"line":2,"column":0},"end":{"line":null,"column":null}},"6":{"start":{"line":3,"column":0},"end":{"line":null,"column":null}},"8":{"start":{"line":4,"column":0},"end":{"line":null,"column":null}},"12":{"start":{"line":5,"column":0},"end":{"line":null,"column":null}},"13":{"start":{"line":7,"column":0},"end":{"line":null,"column":null}},"14":{"start":{"line":8,"column":9},"end":{"line":null,"column":null}},"15":{"start":{"line":9,"column":10},"end":{"line":null,"column":null}},"16":{"start":{"line":10,"column":12},"end":{"line":null,"column":null}},"17":{"start":{"line":10,"column":46},"end":{"line":null,"column":null}},"18":{"start":{"line":10,"column":69},"end":{"line":null,"column":null}},"19":{"start":{"line":14,"column":0},"end":{"line":null,"column":null}},"20":{"start":{"line":16,"column":0},"end":{"line":null,"column":null}},"21":{"start":{"line":18,"column":0},"end":{"line":null,"column":null}},"22":{"start":{"line":20,"column":15},"end":{"line":null,"column":null}}},"fnMap":{"2":{"name":"toCallBack","line":7,"loc":{"start":{"line":7,"column":0},"end":{"line":7,"column":29}}},"3":{"name":"(anonymous_3)","line":8,"loc":{"start":{"line":8,"column":9},"end":{"line":8,"column":21}}},"4":{"name":"(anonymous_4)","line":10,"loc":{"start":{"line":10,"column":40},"end":{"line":null,"column":null}}},"5":{"name":"(anonymous_5)","line":10,"loc":{"start":{"line":10,"column":60},"end":{"line":null,"column":null}}}},"branchMap":{}}}
